<?xml version="1.0" encoding="UTF-8"?>
<testsuite name="Ver una cita" tests="1" skipped="0" failures="1" errors="0" timestamp="2025-06-04T03:48:17" hostname="ANGIE" time="8.347">
  <properties/>
  <testcase name="Ver la cita qye se quiere cancelar" classname="Ver una cita" time="8.347">
    <failure message="java.lang.AssertionError: Expected validaciones quotes cancel&#13;&#10;Expected: is &lt;true&gt;&#13;&#10;     but: was &lt;false&gt;" type="java.lang.AssertionError">java.lang.AssertionError: Expected validaciones quotes cancel
Expected: is &lt;true&gt;
     but: was &lt;false&gt;
	at net.serenitybdd.screenplay.ErrorTally.throwSummaryExceptionFrom(ErrorTally.java:36)
	at net.serenitybdd.screenplay.ErrorTally.reportAnyErrors(ErrorTally.java:30)
	at net.serenitybdd.screenplay.Actor.should(Actor.java:316)
	at co.com.Mysticalcut.stepsdefinitions.QuotesCancelStepsdefinitions.verificarQueSeCanceleLaCita(QuotesCancelStepsdefinitions.java:24)
	at ✽.Verificar que se cancele la cita(src/test/resources/features/QuotesCancel.feature:17)
</failure>
  </testcase>
  <system-out><![CDATA[    ?[32mDado ?[0m?[32mque el visitante está en la página de Mystical e ingresa a iniciarsesion?[0m ?[90m# LoginStepsdefinitions.queElVisitanteEstáEnLaPáginaDeMysticalEIngresaAIniciarsesion()?[0m
    ?[32mCuando ?[0m?[32mingresa las credenciales básicas:?[0m                                      ?[90m# LoginStepsdefinitions.ingresaLasCredencialesBásicas(CredencialesLogin>)?[0m

  @registro
  Escenario: Ver la cita qye se quiere cancelar    ?[90m# src/test/resources/features/QuotesCancel.feature:14?[0m
    ?[32mCuando ?[0m?[32mCancelar la cita que se quiere cancelar?[0m ?[90m# QuotesCancelStepsdefinitions.cancelarLaCitaQueSeQuiereCancelar()?[0m
 No encontró el texto o hubo otro error
    ?[31mEntonces ?[0m?[31mVerificar que se cancele la cita?[0m      ?[90m# QuotesCancelStepsdefinitions.verificarQueSeCanceleLaCita()?[0m
      ?[31mjava.lang.AssertionError: Expected validaciones quotes cancel
Expected: is <true>
     but: was <false>
	at net.serenitybdd.screenplay.ErrorTally.throwSummaryExceptionFrom(ErrorTally.java:36)
	at net.serenitybdd.screenplay.ErrorTally.reportAnyErrors(ErrorTally.java:30)
	at net.serenitybdd.screenplay.Actor.should(Actor.java:316)
	at co.com.Mysticalcut.stepsdefinitions.QuotesCancelStepsdefinitions.verificarQueSeCanceleLaCita(QuotesCancelStepsdefinitions.java:24)
	at ?.Verificar que se cancele la cita(src/test/resources/features/QuotesCancel.feature:17)
?[0m
]]></system-out>
  <system-err><![CDATA[jun. 03, 2025 10:48:18 P. M. org.openqa.selenium.remote.DesiredCapabilities chrome
INFO: Using `new ChromeOptions()` is preferred to `DesiredCapabilities.chrome()`
[Test worker] INFO net.serenitybdd.core.webdriver.driverproviders.ProvideNewDriver - Instantiating driver
[Test worker] INFO net.serenitybdd.core.webdriver.driverproviders.ProvideNewDriver - Driver capabilities: Capabilities {acceptInsecureCerts: false, browserName: chrome, goog:chromeOptions: {args: [], extensions: [], prefs: {behavior: allow}}, loggingPrefs: org.openqa.selenium.logging..., name: proyecto, platform: ANY, unhandledPromptBehavior: ignore, version: }
Starting ChromeDriver 136.0.7103.94 (fa0be0b33debeb378a8e6ad9c599be34e2dc3b37-refs/branch-heads/7103@{#1842}) on port 24491
Only local connections are allowed.
Please see https://chromedriver.chromium.org/security-considerations for suggestions on keeping ChromeDriver safe.
ChromeDriver was started successfully on port 24491.
[1749008899.859][WARNING]: This version of ChromeDriver has not been tested with Chrome version 137.
jun. 03, 2025 10:48:19 P. M. org.openqa.selenium.remote.ProtocolHandshake createSession
INFO: Detected dialect: W3C
[Test worker] ERROR net.thucydides.core.steps.ConsoleLoggingListener - 
           __  _____ _____ ____ _____   _____ _    ___ _     _____ ____  
  _       / / |_   _| ____/ ___|_   _| |  ___/ \  |_ _| |   | ____|  _ \ 
 (_)_____| |    | | |  _| \___ \ | |   | |_ / _ \  | || |   |  _| | | | |
  _|_____| |    | | | |___ ___) || |   |  _/ ___ \ | || |___| |___| |_| |
 (_)     | |    |_| |_____|____/ |_|   |_|/_/   \_\___|_____|_____|____/ 
          \_\                                                            

TEST FAILED: Ver la cita qye se quiere cancelar
--------------------------------------------------------------------------
[Test worker] ERROR net.thucydides.core.steps.ConsoleLoggingListener - TEST FAILED AT STEP Then validaciones quotes cancel
[Test worker] ERROR net.thucydides.core.steps.ConsoleLoggingListener - Expected validaciones quotes cancelExpected: is <true> but: was <false>
]]></system-err>
</testsuite>
